Build started 2/5/2014 5:53:04 PM.
     1>Project "C:\Users\i.gusger-L\documents\visual studio 2010\Projects\Euler\EvenFibonacciNumbers\EvenFibonacciNumbers.vcxproj" on node 2 (build target(s)).
     1>InitializeBuildStatus:
         Creating "Debug\EvenFibonacciNumbers.unsuccessfulbuild" because "AlwaysCreate" was specified.
       ClCompile:
         All outputs are up-to-date.
       ManifestResourceCompile:
         All outputs are up-to-date.
       Link:
         All outputs are up-to-date.
         C:\Program Files (x86)\Microsoft Visual Studio 10.0\VC\bin\link.exe /ERRORREPORT:PROMPT /OUT:"C:\Users\i.gusger-L\documents\visual studio 2010\Projects\Euler\Debug\EvenFibonacciNumbers.exe" /INCREMENTAL /NOLOGO kernel32.lib user32.lib gdi32.lib winspool.lib comdlg32.lib advapi32.lib shell32.lib ole32.lib oleaut32.lib uuid.lib odbc32.lib odbccp32.lib /MANIFEST /ManifestFile:"Debug\EvenFibonacciNumbers.exe.intermediate.manifest" /MANIFESTUAC:"level='asInvoker' uiAccess='false'" /DEBUG /PDB:"C:\Users\i.gusger-L\documents\visual studio 2010\Projects\Euler\Debug\EvenFibonacciNumbers.pdb" /SUBSYSTEM:CONSOLE /TLBID:1 /DYNAMICBASE /NXCOMPAT /IMPLIB:"C:\Users\i.gusger-L\documents\visual studio 2010\Projects\Euler\Debug\EvenFibonacciNumbers.lib" /MACHINE:X86 Debug\EvenFibonacciNumbers.exe.embed.manifest.res
         Debug\main.obj
       Manifest:
         C:\Program Files (x86)\Microsoft SDKs\Windows\v7.0A\bin\mt.exe /nologo /verbose /out:"Debug\EvenFibonacciNumbers.exe.embed.manifest" /manifest Debug\EvenFibonacciNumbers.exe.intermediate.manifest
         All outputs are up-to-date.
       LinkEmbedManifest:
         All outputs are up-to-date.
         EvenFibonacciNumbers.vcxproj -> C:\Users\i.gusger-L\documents\visual studio 2010\Projects\Euler\Debug\EvenFibonacciNumbers.exe
       FinalizeBuildStatus:
         Deleting file "Debug\EvenFibonacciNumbers.unsuccessfulbuild".
         Touching "Debug\EvenFibonacciNumbers.lastbuildstate".
     1>Done Building Project "C:\Users\i.gusger-L\documents\visual studio 2010\Projects\Euler\EvenFibonacciNumbers\EvenFibonacciNumbers.vcxproj" (build target(s)).

Build succeeded.

Time Elapsed 00:00:01.38
